Database migrations completed successfully
✓ Email transporter configured

╔═══════════════════════════════════════════════════════════╗
║                                                           ║
║     █████╗ ██████╗ ████████╗██████╗ ██╗██████╗            ║
║    ██╔══██╗██╔══██╗╚══██╔══╝██╔══██╗██║██╔══██╗           ║
║    ███████║██████╔╝   ██║   ██████╔╝██║██║  ██║           ║
║    ██╔══██║██╔══██╗   ██║   ██╔══██╗██║██║  ██║           ║
║    ██║  ██║██║  ██║   ██║   ██████╔╝██║██████╔╝           ║
║    ╚═╝  ╚═╝╚═╝  ╚═╝   ╚═╝   ╚═════╝ ╚═╝╚═════╝            ║
║                                                           ║
║              ENTERPRISE SAAS PLATFORM                     ║
║                                                           ║
╠═══════════════════════════════════════════════════════════╣
║  Server running on: http://localhost:3000                 ║
║                                                           ║
║  Admin credentials:                                       ║
║  Email: admin@electronvision.com                          ║
║  Password: admin123                                       ║
║                                                           ║
╚═══════════════════════════════════════════════════════════╝
  
